<?xml version="1.0" encoding="UTF-8"?>
<testsuite xmlns:xsi="http://www.w3.org/2001/XMLSchema-instance" xsi:noNamespaceSchemaLocation="https://maven.apache.org/surefire/maven-surefire-plugin/xsd/surefire-test-report.xsd" name="id.sivia.utils.CalculatorTest" time="0" tests="5" errors="0" skipped="0" failures="0">
  <properties>
[...]
</properties>
  <testcase name="testBagiDenganNol" classname="id.sivia.utils.CalculatorTest" time="0"/>
  <testcase name="testBagi" classname="id.sivia.utils.CalculatorTest" time="0"/>
  <testcase name="testKali" classname="id.sivia.utils.CalculatorTest" time="0"/>
  <testcase name="testKurang" classname="id.sivia.utils.CalculatorTest" time="0"/>
  <testcase name="testTambah" classname="id.sivia.utils.CalculatorTest" time="0"/>
</testsuite>